<?xml version="1.0" encoding="UTF-8"?>
<!-- Generated by org.testng.reporters.JUnitReportReporter -->
<testsuite skipped="0" hostname="DESKTOP-T3FFUFN" name="cucumber.tests.TestRunner" tests="2" failures="0" timestamp="2022-08-08T10:44:31 ICT" time="86.939" errors="0">
  <testcase name="scenario" time="42.988" classname="cucumber.tests.TestRunner"/>
  <system-out/>
  <testcase name="scenario" time="43.951" classname="cucumber.tests.TestRunner"/>
  <system-out/>
</testsuite> <!-- cucumber.tests.TestRunner -->
