<?xml version="1.0" encoding="UTF-8"?>
<!-- Generated by org.testng.reporters.JUnitReportReporter -->
<testsuite skipped="0" hostname="DESKTOP-T3FFUFN" name="cucumber.tests.TestRunner" tests="4" failures="0" timestamp="2022-08-13T00:05:09 ICT" time="142.486" errors="0">
  <testcase name="scenario" time="42.201" classname="cucumber.tests.TestRunner"/>
  <system-out/>
  <testcase name="scenario" time="39.575" classname="cucumber.tests.TestRunner"/>
  <system-out/>
  <testcase name="scenario" time="31.730" classname="cucumber.tests.TestRunner"/>
  <system-out/>
  <testcase name="scenario" time="28.980" classname="cucumber.tests.TestRunner"/>
  <system-out/>
</testsuite> <!-- cucumber.tests.TestRunner -->
